Log file open, 01/22/19 10:13:29
LogWindows: Failed to load 'aqProf.dll' (GetLastError=126)
LogWindows: File 'aqProf.dll' does not exist
LogWindows: Failed to load 'VtuneApi.dll' (GetLastError=126)
LogWindows: File 'VtuneApi.dll' does not exist
LogWindows: Failed to load 'VtuneApi32e.dll' (GetLastError=126)
LogWindows: File 'VtuneApi32e.dll' does not exist
LogConsoleResponse: Display: Failed to find resolution value strings in scalability ini. Falling back to default.
LogInit: Display: Running engine for game: StylizedRendering
LogPakFile: Registered encryption key '00000000000000000000000000000000': 0 pak files mounted, 0 remain pending
LogPlatformFile: Not using cached read wrapper
LogTaskGraph: Started task graph with 5 named threads and 11 total threads with 3 sets of task threads.
LogStats: Stats thread started at 1.240493
LogD3D11RHI: Loaded GFSDK_Aftermath_Lib.x64.dll
LogICUInternationalization: ICU TimeZone Detection - Raw Offset: +1:00, Platform Override: ''
LogPluginManager: Mounting plugin Paper2D
LogPluginManager: Mounting plugin AISupport
LogPluginManager: Mounting plugin LightPropagationVolume
LogPluginManager: Mounting plugin ActorLayerUtilities
LogPluginManager: Mounting plugin CLionSourceCodeAccess
LogPluginManager: Mounting plugin CodeLiteSourceCodeAccess
LogPluginManager: Mounting plugin GitSourceControl
LogPluginManager: Mounting plugin KDevelopSourceCodeAccess
LogPluginManager: Mounting plugin NullSourceCodeAccess
LogPluginManager: Mounting plugin PerforceSourceControl
LogPluginManager: Mounting plugin SubversionSourceControl
LogPluginManager: Mounting plugin UObjectPlugin
LogPluginManager: Mounting plugin VisualStudioCodeSourceCodeAccess
LogPluginManager: Mounting plugin VisualStudioSourceCodeAccess
LogPluginManager: Mounting plugin XCodeSourceCodeAccess
LogPluginManager: Mounting plugin AssetManagerEditor
LogPluginManager: Mounting plugin CryptoKeys
LogPluginManager: Mounting plugin DataValidation
LogPluginManager: Mounting plugin FacialAnimation
LogPluginManager: Mounting plugin GameplayTagsEditor
LogPluginManager: Mounting plugin MacGraphicsSwitching
LogPluginManager: Mounting plugin MeshEditor
LogPluginManager: Mounting plugin MobileLauncherProfileWizard
LogPluginManager: Mounting plugin PluginBrowser
LogPluginManager: Mounting plugin SpeedTreeImporter
LogPluginManager: Mounting plugin DatasmithContent
LogPluginManager: Mounting plugin VariantManagerContent
LogPluginManager: Mounting plugin AlembicImporter
LogPluginManager: Mounting plugin AppleImageUtils
LogPluginManager: Mounting plugin AppleVision
LogPluginManager: Mounting plugin BackChannel
LogPluginManager: Mounting plugin CharacterAI
LogPluginManager: Mounting plugin GeometryCache
LogPluginManager: Mounting plugin HTML5Networking
LogPluginManager: Mounting plugin ProxyLODPlugin
LogPluginManager: Mounting plugin MagicLeap
LogPluginManager: Mounting plugin MagicLeapMedia
LogPluginManager: Mounting plugin AndroidMedia
LogPluginManager: Mounting plugin AvfMedia
LogPluginManager: Mounting plugin ImgMedia
LogPluginManager: Mounting plugin LinearTimecode
LogPluginManager: Mounting plugin MediaCompositing
LogPluginManager: Mounting plugin MediaPlayerEditor
LogPluginManager: Mounting plugin WebMMedia
LogPluginManager: Mounting plugin WmfMedia
LogPluginManager: Mounting plugin TcpMessaging
LogPluginManager: Mounting plugin UdpMessaging
LogPluginManager: Mounting plugin ActorSequence
LogPluginManager: Mounting plugin LevelSequenceEditor
LogPluginManager: Mounting plugin MatineeToLevelSequence
LogPluginManager: Mounting plugin NetcodeUnitTest
LogPluginManager: Mounting plugin NUTUnrealEngine4
LogPluginManager: Mounting plugin OnlineSubsystemGooglePlay
LogPluginManager: Mounting plugin OnlineSubsystemIOS
LogPluginManager: Mounting plugin OnlineSubsystem
LogPluginManager: Mounting plugin OnlineSubsystemNull
LogPluginManager: Mounting plugin OnlineSubsystemUtils
LogPluginManager: Mounting plugin LauncherChunkInstaller
LogPluginManager: Mounting plugin AndroidDeviceProfileSelector
LogPluginManager: Mounting plugin AndroidMoviePlayer
LogPluginManager: Mounting plugin AndroidPermission
LogPluginManager: Mounting plugin AppleMoviePlayer
LogPluginManager: Mounting plugin ArchVisCharacter
LogPluginManager: Mounting plugin AudioCapture
LogPluginManager: Mounting plugin CableComponent
LogPluginManager: Mounting plugin CustomMeshComponent
LogPluginManager: Mounting plugin EditableMesh
LogPluginManager: Mounting plugin ExampleDeviceProfileSelector
LogPluginManager: Mounting plugin Firebase
LogPluginManager: Mounting plugin GoogleCloudMessaging
LogPluginManager: Mounting plugin IOSDeviceProfileSelector
LogPluginManager: Mounting plugin LinuxDeviceProfileSelector
LogPluginManager: Mounting plugin LocationServicesBPLibrary
LogPluginManager: Mounting plugin MobilePatchingUtils
LogPluginManager: Mounting plugin OculusVR
LogPluginManager: Mounting plugin PhysXVehicles
LogPluginManager: Mounting plugin ProceduralMeshComponent
LogPluginManager: Mounting plugin RuntimePhysXCooking
LogPluginManager: Mounting plugin SteamVR
LogPluginManager: Mounting plugin WebMMoviePlayer
LogPluginManager: Mounting plugin WindowsMoviePlayer
LogStreaming: Display: Took  0.294s to configure plugins.
LogInit: Using libcurl 7.55.1-DEV
LogInit:  - built for x86_64-pc-win32
LogInit:  - supports SSL with OpenSSL/1.0.2h
LogInit:  - supports HTTP deflate (compression) using libz 1.2.8
LogInit:  - other features:
LogInit:      CURL_VERSION_SSL
LogInit:      CURL_VERSION_LIBZ
LogInit:      CURL_VERSION_IPV6
LogInit:      CURL_VERSION_ASYNCHDNS
LogInit:      CURL_VERSION_LARGEFILE
LogInit:      CURL_VERSION_IDN
LogInit:  CurlRequestOptions (configurable via config and command line):
LogInit:  - bVerifyPeer = true  - Libcurl will verify peer certificate
LogInit:  - bUseHttpProxy = false  - Libcurl will NOT use HTTP proxy
LogInit:  - bDontReuseConnections = false  - Libcurl will reuse connections
LogInit:  - MaxHostConnections = 16  - Libcurl will limit the number of connections to a host
LogInit:  - LocalHostAddr = Default
LogInit:  - BufferSize = 65536
LogInit: WinSock: version 1.1 (2.2), MaxSocks=32767, MaxUdp=65467
LogInit: Build: ++UE4+Release-4.21-CL-4613538
LogInit: Engine Version: 4.21.1-4613538+++UE4+Release-4.21
LogInit: Compatible Engine Version: 4.21.0-4541578+++UE4+Release-4.21
LogInit: Net CL: 4541578
LogInit: OS: Windows 10 (), CPU: Intel(R) Core(TM) i5-4300U CPU @ 1.90GHz, GPU: Intel(R) HD Graphics Family
LogInit: Compiled (64-bit): Nov 30 2018 04:13:25
LogInit: Compiled with Visual C++: 19.13.26129.00
LogInit: Build Configuration: Development
LogInit: Branch Name: ++UE4+Release-4.21
LogInit: Command Line: 
LogInit: Base Directory: C:/Program Files/Epic Games/UE_4.21/Engine/Binaries/Win64/
LogInit: Installed Engine Build: 1
LogDevObjectVersion: Number of dev versions registered: 22
LogDevObjectVersion:   Dev-Blueprints (B0D832E4-1F89-4F0D-ACCF-7EB736FD4AA2): 10
LogDevObjectVersion:   Dev-Build (E1C64328-A22C-4D53-A36C-8E866417BD8C): 0
LogDevObjectVersion:   Dev-Core (375EC13C-06E4-48FB-B500-84F0262A717E): 2
LogDevObjectVersion:   Dev-Editor (E4B068ED-F494-42E9-A231-DA0B2E46BB41): 26
LogDevObjectVersion:   Dev-Framework (CFFC743F-43B0-4480-9391-14DF171D2073): 34
LogDevObjectVersion:   Dev-Mobile (B02B49B5-BB20-44E9-A304-32B752E40360): 2
LogDevObjectVersion:   Dev-Networking (A4E4105C-59A1-49B5-A7C5-40C4547EDFEE): 0
LogDevObjectVersion:   Dev-Online (39C831C9-5AE6-47DC-9A44-9C173E1C8E7C): 0
LogDevObjectVersion:   Dev-Physics (78F01B33-EBEA-4F98-B9B4-84EACCB95AA2): 0
LogDevObjectVersion:   Dev-Platform (6631380F-2D4D-43E0-8009-CF276956A95A): 0
LogDevObjectVersion:   Dev-Rendering (12F88B9F-8875-4AFC-A67C-D90C383ABD29): 27
LogDevObjectVersion:   Dev-Sequencer (7B5AE74C-D270-4C10-A958-57980B212A5A): 9
LogDevObjectVersion:   Dev-VR (D7296918-1DD6-4BDD-9DE2-64A83CC13884): 2
LogDevObjectVersion:   Dev-LoadTimes (C2A15278-BFE7-4AFE-6C17-90FF531DF755): 1
LogDevObjectVersion:   Private-Geometry (6EACA3D4-40EC-4CC1-B786-8BED09428FC5): 3
LogDevObjectVersion:   Dev-AnimPhys (29E575DD-E0A3-4627-9D10-D276232CDCEA): 17
LogDevObjectVersion:   Dev-Anim (AF43A65D-7FD3-4947-9873-3E8ED9C1BB05): 2
LogDevObjectVersion:   Dev-ReflectionCapture (6B266CEC-1EC7-4B8F-A30B-E4D90942FC07): 1
LogDevObjectVersion:   Dev-Automation (0DF73D61-A23F-47EA-B727-89E90C41499A): 1
LogDevObjectVersion:   FortniteMain (601D1886-AC64-4F84-AA16-D3DE0DEAC7D6): 17
LogDevObjectVersion:   Dev-Enterprise (9DFFBCD6-494F-0158-E221-12823C92A888): 4
LogDevObjectVersion:   Dev-Niagara (F2AED0AC-9AFE-416F-8664-AA7FFA26D6FC): 1
LogStreaming: Display: Took  0.002s to delete old logs.
LogInit: Presizing for max 8388607 objects, including 0 objects not considered by GC, pre-allocating 0 bytes for permanent pool.
LogInit: Object subsystem initialized
LogConfig: Setting CVar [[con.DebugEarlyDefault:1]]
LogConfig: Setting CVar [[r.setres:1280x720]]
[2019.01.22-09.13.30:557][  0]LogConfig: Setting CVar [[r.VSync:0]]
[2019.01.22-09.13.30:557][  0]LogConfig: Setting CVar [[r.RHICmdBypass:0]]
[2019.01.22-09.13.30:557][  0]LogConfig: Applying CVar settings from Section [/Script/Engine.RendererSettings] File [D:/unreal-engine-stylized-rendering/StylizedRendering/Saved/Config/Windows/Engine.ini]
[2019.01.22-09.13.30:558][  0]LogConfig: Setting CVar [[r.GPUCrashDebugging:0]]
[2019.01.22-09.13.30:558][  0]LogConfig: Applying CVar settings from Section [/Script/Engine.RendererOverrideSettings] File [D:/unreal-engine-stylized-rendering/StylizedRendering/Saved/Config/Windows/Engine.ini]
[2019.01.22-09.13.30:558][  0]LogConfig: Applying CVar settings from Section [/Script/Engine.StreamingSettings] File [D:/unreal-engine-stylized-rendering/StylizedRendering/Saved/Config/Windows/Engine.ini]
[2019.01.22-09.13.30:558][  0]LogConfig: Setting CVar [[s.MinBulkDataSizeForAsyncLoading:131072]]
[2019.01.22-09.13.30:558][  0]LogConfig: Setting CVar [[s.AsyncLoadingThreadEnabled:0]]
[2019.01.22-09.13.30:558][  0]LogConfig: Setting CVar [[s.EventDrivenLoaderEnabled:1]]
[2019.01.22-09.13.30:558][  0]LogConfig: Setting CVar [[s.WarnIfTimeLimitExceeded:0]]
[2019.01.22-09.13.30:559][  0]LogConfig: Setting CVar [[s.TimeLimitExceededMultiplier:1.5]]
[2019.01.22-09.13.30:559][  0]LogConfig: Setting CVar [[s.TimeLimitExceededMinTime:0.005]]
[2019.01.22-09.13.30:559][  0]LogConfig: Setting CVar [[s.UseBackgroundLevelStreaming:1]]
[2019.01.22-09.13.30:559][  0]LogConfig: Setting CVar [[s.PriorityAsyncLoadingExtraTime:15.0]]
[2019.01.22-09.13.30:559][  0]LogConfig: Setting CVar [[s.LevelStreamingActorsUpdateTimeLimit:5.0]]
[2019.01.22-09.13.30:559][  0]LogConfig: Setting CVar [[s.PriorityLevelStreamingActorsUpdateExtraTime:5.0]]
[2019.01.22-09.13.30:559][  0]LogConfig: Setting CVar [[s.LevelStreamingComponentsRegistrationGranularity:10]]
[2019.01.22-09.13.30:559][  0]LogConfig: Setting CVar [[s.UnregisterComponentsTimeLimit:1.0]]
[2019.01.22-09.13.30:560][  0]LogConfig: Setting CVar [[s.LevelStreamingComponentsUnregistrationGranularity:5]]
[2019.01.22-09.13.30:560][  0]LogConfig: Applying CVar settings from Section [/Script/Engine.GarbageCollectionSettings] File [D:/unreal-engine-stylized-rendering/StylizedRendering/Saved/Config/Windows/Engine.ini]
[2019.01.22-09.13.30:560][  0]LogConfig: Setting CVar [[gc.MaxObjectsNotConsideredByGC:1]]
[2019.01.22-09.13.30:560][  0]LogConfig: Setting CVar [[gc.SizeOfPermanentObjectPool:0]]
[2019.01.22-09.13.30:560][  0]LogConfig: Setting CVar [[gc.FlushStreamingOnGC:0]]
[2019.01.22-09.13.30:560][  0]LogConfig: Setting CVar [[gc.NumRetriesBeforeForcingGC:10]]
[2019.01.22-09.13.30:560][  0]LogConfig: Setting CVar [[gc.AllowParallelGC:1]]
[2019.01.22-09.13.30:561][  0]LogConfig: Setting CVar [[gc.TimeBetweenPurgingPendingKillObjects:61.1]]
[2019.01.22-09.13.30:561][  0]LogConfig: Setting CVar [[gc.MaxObjectsInEditor:8388607]]
[2019.01.22-09.13.30:561][  0]LogConfig: Setting CVar [[gc.IncrementalBeginDestroyEnabled:1]]
[2019.01.22-09.13.30:561][  0]LogConfig: Setting CVar [[gc.CreateGCClusters:1]]
[2019.01.22-09.13.30:561][  0]LogConfig: Setting CVar [[gc.MergeGCClusters:0]]
[2019.01.22-09.13.30:561][  0]LogConfig: Setting CVar [[gc.MinGCClusterSize:5]]
[2019.01.22-09.13.30:561][  0]LogConfig: Setting CVar [[gc.ActorClusteringEnabled:0]]
[2019.01.22-09.13.30:561][  0]LogConfig: Setting CVar [[gc.BlueprintClusteringEnabled:0]]
[2019.01.22-09.13.30:562][  0]LogConfig: Setting CVar [[gc.UseDisregardForGCOnDedicatedServers:0]]
[2019.01.22-09.13.30:562][  0]LogConfig: Applying CVar settings from Section [/Script/Engine.NetworkSettings] File [D:/unreal-engine-stylized-rendering/StylizedRendering/Saved/Config/Windows/Engine.ini]
[2019.01.22-09.13.30:562][  0]LogConfig: Applying CVar settings from Section [/Script/UnrealEd.CookerSettings] File [D:/unreal-engine-stylized-rendering/StylizedRendering/Saved/Config/Windows/Engine.ini]
[2019.01.22-09.13.30:580][  0]LogConfig: Applying CVar settings from Section [ViewDistanceQuality@3] File [D:/unreal-engine-stylized-rendering/StylizedRendering/Saved/Config/Windows/Scalability.ini]
[2019.01.22-09.13.30:580][  0]LogConfig: Setting CVar [[r.SkeletalMeshLODBias:0]]
[2019.01.22-09.13.30:580][  0]LogConfig: Setting CVar [[r.ViewDistanceScale:1.0]]
[2019.01.22-09.13.30:580][  0]LogConfig: Applying CVar settings from Section [AntiAliasingQuality@3] File [D:/unreal-engine-stylized-rendering/StylizedRendering/Saved/Config/Windows/Scalability.ini]
[2019.01.22-09.13.30:580][  0]LogConfig: Setting CVar [[r.PostProcessAAQuality:4]]
[2019.01.22-09.13.30:580][  0]LogConfig: Applying CVar settings from Section [ShadowQuality@3] File [D:/unreal-engine-stylized-rendering/StylizedRendering/Saved/Config/Windows/Scalability.ini]
[2019.01.22-09.13.30:580][  0]LogConfig: Setting CVar [[r.LightFunctionQuality:1]]
[2019.01.22-09.13.30:580][  0]LogConfig: Setting CVar [[r.ShadowQuality:5]]
[2019.01.22-09.13.30:580][  0]LogConfig: Setting CVar [[r.Shadow.CSM.MaxCascades:10]]
[2019.01.22-09.13.30:580][  0]LogConfig: Setting CVar [[r.Shadow.MaxResolution:2048]]
[2019.01.22-09.13.30:580][  0]LogConfig: Setting CVar [[r.Shadow.MaxCSMResolution:2048]]
[2019.01.22-09.13.30:580][  0]LogConfig: Setting CVar [[r.Shadow.RadiusThreshold:0.01]]
[2019.01.22-09.13.30:580][  0]LogConfig: Setting CVar [[r.Shadow.DistanceScale:1.0]]
[2019.01.22-09.13.30:581][  0]LogConfig: Setting CVar [[r.Shadow.CSM.TransitionScale:1.0]]
[2019.01.22-09.13.30:581][  0]LogConfig: Setting CVar [[r.Shadow.PreShadowResolutionFactor:1.0]]
[2019.01.22-09.13.30:581][  0]LogConfig: Setting CVar [[r.DistanceFieldShadowing:1]]
[2019.01.22-09.13.30:581][  0]LogConfig: Setting CVar [[r.DistanceFieldAO:1]]
[2019.01.22-09.13.30:581][  0]LogConfig: Setting CVar [[r.AOQuality:2]]
[2019.01.22-09.13.30:581][  0]LogConfig: Setting CVar [[r.VolumetricFog:1]]
[2019.01.22-09.13.30:581][  0]LogConfig: Setting CVar [[r.VolumetricFog.GridPixelSize:8]]
[2019.01.22-09.13.30:581][  0]LogConfig: Setting CVar [[r.VolumetricFog.GridSizeZ:128]]
[2019.01.22-09.13.30:581][  0]LogConfig: Setting CVar [[r.VolumetricFog.HistoryMissSupersampleCount:4]]
[2019.01.22-09.13.30:581][  0]LogConfig: Setting CVar [[r.LightMaxDrawDistanceScale:1]]
[2019.01.22-09.13.30:581][  0]LogConfig: Setting CVar [[r.CapsuleShadows:1]]
[2019.01.22-09.13.30:581][  0]LogConfig: Applying CVar settings from Section [PostProcessQuality@3] File [D:/unreal-engine-stylized-rendering/StylizedRendering/Saved/Config/Windows/Scalability.ini]
[2019.01.22-09.13.30:581][  0]LogConfig: Setting CVar [[r.MotionBlurQuality:4]]
[2019.01.22-09.13.30:581][  0]LogConfig: Setting CVar [[r.AmbientOcclusionMipLevelFactor:0.4]]
[2019.01.22-09.13.30:581][  0]LogConfig: Setting CVar [[r.AmbientOcclusionMaxQuality:100]]
[2019.01.22-09.13.30:581][  0]LogConfig: Setting CVar [[r.AmbientOcclusionLevels:-1]]
[2019.01.22-09.13.30:581][  0]LogConfig: Setting CVar [[r.AmbientOcclusionRadiusScale:1.0]]
[2019.01.22-09.13.30:582][  0]LogConfig: Setting CVar [[r.DepthOfFieldQuality:2]]
[2019.01.22-09.13.30:582][  0]LogConfig: Setting CVar [[r.RenderTargetPoolMin:400]]
[2019.01.22-09.13.30:582][  0]LogConfig: Setting CVar [[r.LensFlareQuality:2]]
[2019.01.22-09.13.30:582][  0]LogConfig: Setting CVar [[r.SceneColorFringeQuality:1]]
[2019.01.22-09.13.30:582][  0]LogConfig: Setting CVar [[r.EyeAdaptationQuality:2]]
[2019.01.22-09.13.30:582][  0]LogConfig: Setting CVar [[r.BloomQuality:5]]
[2019.01.22-09.13.30:582][  0]LogConfig: Setting CVar [[r.FastBlurThreshold:100]]
[2019.01.22-09.13.30:582][  0]LogConfig: Setting CVar [[r.Upscale.Quality:3]]
[2019.01.22-09.13.30:582][  0]LogConfig: Setting CVar [[r.Tonemapper.GrainQuantization:1]]
[2019.01.22-09.13.30:582][  0]LogConfig: Setting CVar [[r.LightShaftQuality:1]]
[2019.01.22-09.13.30:582][  0]LogConfig: Setting CVar [[r.Filter.SizeScale:1]]
[2019.01.22-09.13.30:582][  0]LogConfig: Setting CVar [[r.Tonemapper.Quality:5]]
[2019.01.22-09.13.30:582][  0]LogConfig: Setting CVar [[r.DOF.Gather.AccumulatorQuality:1        ; higher gathering accumulator quality]]
[2019.01.22-09.13.30:582][  0]LogConfig: Setting CVar [[r.DOF.Gather.PostfilterMethod:1          ; Median3x3 postfilering method]]
[2019.01.22-09.13.30:582][  0]LogConfig: Setting CVar [[r.DOF.Gather.EnableBokehSettings:0       ; no bokeh simulation when gathering]]
[2019.01.22-09.13.30:582][  0]LogConfig: Setting CVar [[r.DOF.Gather.RingCount:4                 ; medium number of samples when gathering]]
[2019.01.22-09.13.30:582][  0]LogConfig: Setting CVar [[r.DOF.Scatter.ForegroundCompositing:1    ; additive foreground scattering]]
[2019.01.22-09.13.30:583][  0]LogConfig: Setting CVar [[r.DOF.Scatter.BackgroundCompositing:2    ; additive background scattering]]
[2019.01.22-09.13.30:583][  0]LogConfig: Setting CVar [[r.DOF.Scatter.EnableBokehSettings:1      ; bokeh simulation when scattering]]
[2019.01.22-09.13.30:583][  0]LogConfig: Setting CVar [[r.DOF.Scatter.MaxSpriteRatio:0.1         ; only a maximum of 10% of scattered bokeh]]
[2019.01.22-09.13.30:583][  0]LogConfig: Setting CVar [[r.DOF.Recombine.Quality:1                ; cheap slight out of focus]]
[2019.01.22-09.13.30:583][  0]LogConfig: Setting CVar [[r.DOF.Recombine.EnableBokehSettings:0    ; no bokeh simulation on slight out of focus]]
[2019.01.22-09.13.30:583][  0]LogConfig: Setting CVar [[r.DOF.TemporalAAQuality:1                ; more stable temporal accumulation]]
[2019.01.22-09.13.30:583][  0]LogConfig: Setting CVar [[r.DOF.Kernel.MaxForegroundRadius:0.025]]
[2019.01.22-09.13.30:583][  0]LogConfig: Setting CVar [[r.DOF.Kernel.MaxBackgroundRadius:0.025]]
[2019.01.22-09.13.30:583][  0]LogConfig: Applying CVar settings from Section [TextureQuality@3] File [D:/unreal-engine-stylized-rendering/StylizedRendering/Saved/Config/Windows/Scalability.ini]
[2019.01.22-09.13.30:583][  0]LogConfig: Setting CVar [[r.Streaming.MipBias:0]]
[2019.01.22-09.13.30:583][  0]LogConfig: Setting CVar [[r.Streaming.AmortizeCPUToGPUCopy:0]]
[2019.01.22-09.13.30:583][  0]LogConfig: Setting CVar [[r.Streaming.MaxNumTexturesToStreamPerFrame:0]]
[2019.01.22-09.13.30:583][  0]LogConfig: Setting CVar [[r.Streaming.Boost:1]]
[2019.01.22-09.13.30:583][  0]LogConfig: Setting CVar [[r.MaxAnisotropy:8]]
[2019.01.22-09.13.30:583][  0]LogConfig: Setting CVar [[r.Streaming.LimitPoolSizeToVRAM:0]]
[2019.01.22-09.13.30:583][  0]LogConfig: Setting CVar [[r.Streaming.PoolSize:1000]]
[2019.01.22-09.13.30:583][  0]LogConfig: Setting CVar [[r.Streaming.MaxEffectiveScreenSize:0]]
[2019.01.22-09.13.30:583][  0]LogConfig: Applying CVar settings from Section [EffectsQuality@3] File [D:/unreal-engine-stylized-rendering/StylizedRendering/Saved/Config/Windows/Scalability.ini]
[2019.01.22-09.13.30:583][  0]LogConfig: Setting CVar [[r.TranslucencyLightingVolumeDim:64]]
[2019.01.22-09.13.30:583][  0]LogConfig: Setting CVar [[r.RefractionQuality:2]]
[2019.01.22-09.13.30:583][  0]LogConfig: Setting CVar [[r.SSR.Quality:3]]
[2019.01.22-09.13.30:583][  0]LogConfig: Setting CVar [[r.SceneColorFormat:4]]
[2019.01.22-09.13.30:583][  0]LogConfig: Setting CVar [[r.DetailMode:2]]
[2019.01.22-09.13.30:583][  0]LogConfig: Setting CVar [[r.TranslucencyVolumeBlur:1]]
[2019.01.22-09.13.30:583][  0]LogConfig: Setting CVar [[r.MaterialQualityLevel:1 ; High quality]]
[2019.01.22-09.13.30:583][  0]LogConfig: Setting CVar [[r.SSS.Scale:1]]
[2019.01.22-09.13.30:583][  0]LogConfig: Setting CVar [[r.SSS.SampleSet:2]]
[2019.01.22-09.13.30:583][  0]LogConfig: Setting CVar [[r.SSS.Quality:1]]
[2019.01.22-09.13.30:583][  0]LogConfig: Setting CVar [[r.SSS.HalfRes:1]]
[2019.01.22-09.13.30:583][  0]LogConfig: Setting CVar [[r.EmitterSpawnRateScale:1.0]]
[2019.01.22-09.13.30:584][  0]LogConfig: Setting CVar [[r.ParticleLightQuality:2]]
[2019.01.22-09.13.30:584][  0]LogConfig: Applying CVar settings from Section [FoliageQuality@3] File [D:/unreal-engine-stylized-rendering/StylizedRendering/Saved/Config/Windows/Scalability.ini]
[2019.01.22-09.13.30:584][  0]LogConfig: Setting CVar [[foliage.DensityScale:1.0]]
[2019.01.22-09.13.30:584][  0]LogConfig: Setting CVar [[grass.DensityScale:1.0]]
[2019.01.22-09.13.30:586][  0]LogInit: Selected Device Profile: [Windows]
[2019.01.22-09.13.30:586][  0]LogInit: Applying CVar settings loaded from the selected device profile: [Windows]
[2019.01.22-09.13.30:618][  0]LogHAL: Display: Platform has ~ 4 GB [4195418112 / 4294967296 / 4], which maps to Smallest [LargestMinGB=32, LargerMinGB=12, DefaultMinGB=8, SmallerMinGB=6, SmallestMinGB=0)
[2019.01.22-09.13.30:621][  0]LogConfig: Setting CVar [[r.Vulkan.UseRealUBs:1]]
[2019.01.22-09.13.30:621][  0]LogInit: Going up to parent DeviceProfile []
[2019.01.22-09.13.30:622][  0]LogConfig: Applying CVar settings from Section [ViewDistanceQuality@3] File [D:/unreal-engine-stylized-rendering/StylizedRendering/Saved/Config/Windows/Scalability.ini]
[2019.01.22-09.13.30:622][  0]LogConfig: Setting CVar [[r.SkeletalMeshLODBias:0]]
[2019.01.22-09.13.30:622][  0]LogConfig: Setting CVar [[r.ViewDistanceScale:1.0]]
[2019.01.22-09.13.30:622][  0]LogConfig: Applying CVar settings from Section [AntiAliasingQuality@3] File [D:/unreal-engine-stylized-rendering/StylizedRendering/Saved/Config/Windows/Scalability.ini]
[2019.01.22-09.13.30:622][  0]LogConfig: Setting CVar [[r.PostProcessAAQuality:4]]
[2019.01.22-09.13.30:622][  0]LogConfig: Applying CVar settings from Section [ShadowQuality@3] File [D:/unreal-engine-stylized-rendering/StylizedRendering/Saved/Config/Windows/Scalability.ini]
[2019.01.22-09.13.30:622][  0]LogConfig: Setting CVar [[r.LightFunctionQuality:1]]
[2019.01.22-09.13.30:622][  0]LogConfig: Setting CVar [[r.ShadowQuality:5]]
[2019.01.22-09.13.30:622][  0]LogConfig: Setting CVar [[r.Shadow.CSM.MaxCascades:10]]
[2019.01.22-09.13.30:622][  0]LogConfig: Setting CVar [[r.Shadow.MaxResolution:2048]]
[2019.01.22-09.13.30:623][  0]LogConfig: Setting CVar [[r.Shadow.MaxCSMResolution:2048]]
[2019.01.22-09.13.30:623][  0]LogConfig: Setting CVar [[r.Shadow.RadiusThreshold:0.01]]
[2019.01.22-09.13.30:623][  0]LogConfig: Setting CVar [[r.Shadow.DistanceScale:1.0]]
[2019.01.22-09.13.30:623][  0]LogConfig: Setting CVar [[r.Shadow.CSM.TransitionScale:1.0]]
[2019.01.22-09.13.30:623][  0]LogConfig: Setting CVar [[r.Shadow.PreShadowResolutionFactor:1.0]]
[2019.01.22-09.13.30:623][  0]LogConfig: Setting CVar [[r.DistanceFieldShadowing:1]]
[2019.01.22-09.13.30:623][  0]LogConfig: Setting CVar [[r.DistanceFieldAO:1]]
[2019.01.22-09.13.30:623][  0]LogConfig: Setting CVar [[r.AOQuality:2]]
[2019.01.22-09.13.30:623][  0]LogConfig: Setting CVar [[r.VolumetricFog:1]]
[2019.01.22-09.13.30:623][  0]LogConfig: Setting CVar [[r.VolumetricFog.GridPixelSize:8]]
[2019.01.22-09.13.30:623][  0]LogConfig: Setting CVar [[r.VolumetricFog.GridSizeZ:128]]
[2019.01.22-09.13.30:623][  0]LogConfig: Setting CVar [[r.VolumetricFog.HistoryMissSupersampleCount:4]]
[2019.01.22-09.13.30:623][  0]LogConfig: Setting CVar [[r.LightMaxDrawDistanceScale:1]]
[2019.01.22-09.13.30:623][  0]LogConfig: Setting CVar [[r.CapsuleShadows:1]]
[2019.01.22-09.13.30:623][  0]LogConfig: Applying CVar settings from Section [PostProcessQuality@3] File [D:/unreal-engine-stylized-rendering/StylizedRendering/Saved/Config/Windows/Scalability.ini]
[2019.01.22-09.13.30:624][  0]LogConfig: Setting CVar [[r.MotionBlurQuality:4]]
[2019.01.22-09.13.30:624][  0]LogConfig: Setting CVar [[r.AmbientOcclusionMipLevelFactor:0.4]]
[2019.01.22-09.13.30:624][  0]LogConfig: Setting CVar [[r.AmbientOcclusionMaxQuality:100]]
[2019.01.22-09.13.30:624][  0]LogConfig: Setting CVar [[r.AmbientOcclusionLevels:-1]]
[2019.01.22-09.13.30:624][  0]LogConfig: Setting CVar [[r.AmbientOcclusionRadiusScale:1.0]]
[2019.01.22-09.13.30:624][  0]LogConfig: Setting CVar [[r.DepthOfFieldQuality:2]]
[2019.01.22-09.13.30:624][  0]LogConfig: Setting CVar [[r.RenderTargetPoolMin:400]]
[2019.01.22-09.13.30:624][  0]LogConfig: Setting CVar [[r.LensFlareQuality:2]]
[2019.01.22-09.13.30:624][  0]LogConfig: Setting CVar [[r.SceneColorFringeQuality:1]]
[2019.01.22-09.13.30:624][  0]LogConfig: Setting CVar [[r.EyeAdaptationQuality:2]]
[2019.01.22-09.13.30:624][  0]LogConfig: Setting CVar [[r.BloomQuality:5]]
[2019.01.22-09.13.30:624][  0]LogConfig: Setting CVar [[r.FastBlurThreshold:100]]
[2019.01.22-09.13.30:624][  0]LogConfig: Setting CVar [[r.Upscale.Quality:3]]
[2019.01.22-09.13.30:624][  0]LogConfig: Setting CVar [[r.Tonemapper.GrainQuantization:1]]
[2019.01.22-09.13.30:624][  0]LogConfig: Setting CVar [[r.LightShaftQuality:1]]
[2019.01.22-09.13.30:624][  0]LogConfig: Setting CVar [[r.Filter.SizeScale:1]]
[2019.01.22-09.13.30:625][  0]LogConfig: Setting CVar [[r.Tonemapper.Quality:5]]
[2019.01.22-09.13.30:625][  0]LogConfig: Setting CVar [[r.DOF.Gather.AccumulatorQuality:1        ; higher gathering accumulator quality]]
[2019.01.22-09.13.30:625][  0]LogConfig: Setting CVar [[r.DOF.Gather.PostfilterMethod:1          ; Median3x3 postfilering method]]
[2019.01.22-09.13.30:625][  0]LogConfig: Setting CVar [[r.DOF.Gather.EnableBokehSettings:0       ; no bokeh simulation when gathering]]
[2019.01.22-09.13.30:625][  0]LogConfig: Setting CVar [[r.DOF.Gather.RingCount:4                 ; medium number of samples when gathering]]
[2019.01.22-09.13.30:625][  0]LogConfig: Setting CVar [[r.DOF.Scatter.ForegroundCompositing:1    ; additive foreground scattering]]
[2019.01.22-09.13.30:625][  0]LogConfig: Setting CVar [[r.DOF.Scatter.BackgroundCompositing:2    ; additive background scattering]]
[2019.01.22-09.13.30:625][  0]LogConfig: Setting CVar [[r.DOF.Scatter.EnableBokehSettings:1      ; bokeh simulation when scattering]]
[2019.01.22-09.13.30:625][  0]LogConfig: Setting CVar [[r.DOF.Scatter.MaxSpriteRatio:0.1         ; only a maximum of 10% of scattered bokeh]]
[2019.01.22-09.13.30:625][  0]LogConfig: Setting CVar [[r.DOF.Recombine.Quality:1                ; cheap slight out of focus]]
[2019.01.22-09.13.30:625][  0]LogConfig: Setting CVar [[r.DOF.Recombine.EnableBokehSettings:0    ; no bokeh simulation on slight out of focus]]
[2019.01.22-09.13.30:625][  0]LogConfig: Setting CVar [[r.DOF.TemporalAAQuality:1                ; more stable temporal accumulation]]
[2019.01.22-09.13.30:625][  0]LogConfig: Setting CVar [[r.DOF.Kernel.MaxForegroundRadius:0.025]]
[2019.01.22-09.13.30:625][  0]LogConfig: Setting CVar [[r.DOF.Kernel.MaxBackgroundRadius:0.025]]
[2019.01.22-09.13.30:625][  0]LogConfig: Applying CVar settings from Section [TextureQuality@3] File [D:/unreal-engine-stylized-rendering/StylizedRendering/Saved/Config/Windows/Scalability.ini]
[2019.01.22-09.13.30:626][  0]LogConfig: Setting CVar [[r.Streaming.MipBias:0]]
[2019.01.22-09.13.30:626][  0]LogConfig: Setting CVar [[r.Streaming.AmortizeCPUToGPUCopy:0]]
[2019.01.22-09.13.30:626][  0]LogConfig: Setting CVar [[r.Streaming.MaxNumTexturesToStreamPerFrame:0]]
[2019.01.22-09.13.30:626][  0]LogConfig: Setting CVar [[r.Streaming.Boost:1]]
[2019.01.22-09.13.30:626][  0]LogConfig: Setting CVar [[r.MaxAnisotropy:8]]
[2019.01.22-09.13.30:626][  0]LogConfig: Setting CVar [[r.Streaming.LimitPoolSizeToVRAM:0]]
[2019.01.22-09.13.30:626][  0]LogConfig: Setting CVar [[r.Streaming.PoolSize:1000]]
[2019.01.22-09.13.30:626][  0]LogConfig: Setting CVar [[r.Streaming.MaxEffectiveScreenSize:0]]
[2019.01.22-09.13.30:626][  0]LogConfig: Applying CVar settings from Section [EffectsQuality@3] File [D:/unreal-engine-stylized-rendering/StylizedRendering/Saved/Config/Windows/Scalability.ini]
[2019.01.22-09.13.30:626][  0]LogConfig: Setting CVar [[r.TranslucencyLightingVolumeDim:64]]
[2019.01.22-09.13.30:626][  0]LogConfig: Setting CVar [[r.RefractionQuality:2]]
[2019.01.22-09.13.30:626][  0]LogConfig: Setting CVar [[r.SSR.Quality:3]]
[2019.01.22-09.13.30:627][  0]LogConfig: Setting CVar [[r.SceneColorFormat:4]]
[2019.01.22-09.13.30:627][  0]LogConfig: Setting CVar [[r.DetailMode:2]]
[2019.01.22-09.13.30:627][  0]LogConfig: Setting CVar [[r.TranslucencyVolumeBlur:1]]
[2019.01.22-09.13.30:627][  0]LogConfig: Setting CVar [[r.MaterialQualityLevel:1 ; High quality]]
[2019.01.22-09.13.30:627][  0]LogConfig: Setting CVar [[r.SSS.Scale:1]]
[2019.01.22-09.13.30:627][  0]LogConfig: Setting CVar [[r.SSS.SampleSet:2]]
[2019.01.22-09.13.30:627][  0]LogConfig: Setting CVar [[r.SSS.Quality:1]]
[2019.01.22-09.13.30:627][  0]LogConfig: Setting CVar [[r.SSS.HalfRes:1]]
[2019.01.22-09.13.30:627][  0]LogConfig: Setting CVar [[r.EmitterSpawnRateScale:1.0]]
[2019.01.22-09.13.30:627][  0]LogConfig: Setting CVar [[r.ParticleLightQuality:2]]
[2019.01.22-09.13.30:627][  0]LogConfig: Applying CVar settings from Section [FoliageQuality@3] File [D:/unreal-engine-stylized-rendering/StylizedRendering/Saved/Config/Windows/Scalability.ini]
[2019.01.22-09.13.30:627][  0]LogConfig: Setting CVar [[foliage.DensityScale:1.0]]
[2019.01.22-09.13.30:627][  0]LogConfig: Setting CVar [[grass.DensityScale:1.0]]
[2019.01.22-09.13.30:627][  0]LogConfig: Applying CVar settings from Section [Startup] File [../../../Engine/Config/ConsoleVariables.ini]
[2019.01.22-09.13.30:629][  0]LogConfig: Setting CVar [[net.UseAdaptiveNetUpdateFrequency:0]]
[2019.01.22-09.13.30:629][  0]LogConfig: Applying CVar settings from Section [ConsoleVariables] File [D:/unreal-engine-stylized-rendering/StylizedRendering/Saved/Config/Windows/Engine.ini]
[2019.01.22-09.13.30:632][  0]LogInit: Computer: SURFACE-DEDERS
[2019.01.22-09.13.30:632][  0]LogInit: User: Andrea
[2019.01.22-09.13.30:632][  0]LogInit: CPU Page size=4096, Cores=2
[2019.01.22-09.13.30:632][  0]LogInit: High frequency timer resolution =2.435770 MHz
[2019.01.22-09.13.30:634][  0]LogMemory: Memory total: Physical=3.9GB (4GB approx)
[2019.01.22-09.13.30:634][  0]LogMemory: Platform Memory Stats for Windows
[2019.01.22-09.13.30:634][  0]LogMemory: Process Physical Memory: 101.91 MB used, 101.91 MB peak
[2019.01.22-09.13.30:634][  0]LogMemory: Process Virtual Memory: 91.05 MB used, 91.05 MB peak
[2019.01.22-09.13.30:634][  0]LogMemory: Physical Memory: 3694.37 MB used,  306.69 MB free, 4001.06 MB total
[2019.01.22-09.13.30:634][  0]LogMemory: Virtual Memory: 4621.06 MB used,  134213104.00 MB free, 134217728.00 MB total
[2019.01.22-09.13.31:030][  0]LogInit: Using OS detected language (fr-FR).
[2019.01.22-09.13.31:030][  0]LogInit: Using OS detected locale (fr-FR).
[2019.01.22-09.13.31:046][  0]LogTextLocalizationManager: No specific localization for 'fr-FR' exists, so the 'fr' localization will be used.
[2019.01.22-09.13.31:067][  0]LogStreaming: Display: Took  0.039s to InitEngineTextLocalization.
[2019.01.22-09.13.31:068][  0]LogInit: Setting process to per monitor DPI aware
[2019.01.22-09.13.31:210][  0]LogSlate: New Slate User Created.  User Index 0, Is Virtual User: 0
[2019.01.22-09.13.31:210][  0]LogSlate: Slate User Registered.  User Index 0, Is Virtual User: 0
[2019.01.22-09.13.32:258][  0]LogHMD: Failed to initialize OpenVR with code 110
[2019.01.22-09.13.32:259][  0]LogD3D11RHI: D3D11 adapters:
[2019.01.22-09.13.32:280][  0]LogD3D11RHI:    0. 'Intel(R) HD Graphics Family' (Feature Level 11_0)
[2019.01.22-09.13.32:280][  0]LogD3D11RHI:       112/0/2000 MB DedicatedVideo/DedicatedSystem/SharedSystem, Outputs:1, VendorId:0x8086
[2019.01.22-09.13.32:297][  0]LogD3D11RHI:    1. 'Microsoft Basic Render Driver' (Feature Level 11_0)
[2019.01.22-09.13.32:297][  0]LogD3D11RHI:       0/0/2000 MB DedicatedVideo/DedicatedSystem/SharedSystem, Outputs:0, VendorId:0x1414
[2019.01.22-09.13.32:297][  0]LogD3D11RHI: Chosen D3D11 Adapter: 0
[2019.01.22-09.13.32:316][  0]LogD3D11RHI: Creating new Direct3DDevice
[2019.01.22-09.13.32:316][  0]LogD3D11RHI:     GPU DeviceId: 0xa16 (for the marketing name, search the web for "GPU Device Id")
[2019.01.22-09.13.32:316][  0]LogWindows: EnumDisplayDevices:
[2019.01.22-09.13.32:317][  0]LogWindows:    0. 'Intel(R) HD Graphics Family' (P:1 D:1)
[2019.01.22-09.13.32:318][  0]LogWindows:    1. 'Intel(R) HD Graphics Family' (P:0 D:0)
[2019.01.22-09.13.32:319][  0]LogWindows:    2. 'Intel(R) HD Graphics Family' (P:0 D:0)
[2019.01.22-09.13.32:319][  0]LogWindows: DebugString: FoundDriverCount:3 
[2019.01.22-09.13.32:319][  0]LogD3D11RHI:     Adapter Name: Intel(R) HD Graphics Family
[2019.01.22-09.13.32:319][  0]LogD3D11RHI:   Driver Version: 20.19.15.4568 (internal:20.19.15.4568, unified:20.19.15.4568)
[2019.01.22-09.13.32:319][  0]LogD3D11RHI:      Driver Date: 12-16-2016
[2019.01.22-09.13.32:319][  0]LogRHI: Texture pool is 778 MB (70% of 1112 MB)
[2019.01.22-09.13.32:433][  0]LogD3D11RHI: [IntelMetricsDiscovery] Started
[2019.01.22-09.13.32:434][  0]LogD3D11RHI: Async texture creation enabled
[2019.01.22-09.13.32:501][  0]LogD3D11RHI: GPU Timing Frequency: 12.500000 (Debug: 2 0)
[2019.01.22-09.13.35:684][  0]LogTemp: Display: Loaded TP AllDesktopTargetPlatform
[2019.01.22-09.13.35:742][  0]LogTemp: Display: Loaded TP MacClientTargetPlatform
[2019.01.22-09.13.35:800][  0]LogTemp: Display: Loaded TP MacNoEditorTargetPlatform
[2019.01.22-09.13.35:869][  0]LogTemp: Display: Loaded TP MacServerTargetPlatform
[2019.01.22-09.13.35:932][  0]LogTemp: Display: Loaded TP MacTargetPlatform
[2019.01.22-09.13.35:994][  0]LogTemp: Display: Loaded TP WindowsClientTargetPlatform
[2019.01.22-09.13.36:078][  0]LogTemp: Display: Loaded TP WindowsNoEditorTargetPlatform
[2019.01.22-09.13.36:146][  0]LogTemp: Display: Loaded TP WindowsServerTargetPlatform
[2019.01.22-09.13.36:181][  0]LogTemp: Display: Loaded TP WindowsTargetPlatform
[2019.01.22-09.13.36:456][  0]LogTemp: Display: Loaded TP AndroidTargetPlatform
[2019.01.22-09.13.36:456][  0]LogTemp: Display: Loaded TP AndroidTargetPlatform
[2019.01.22-09.13.36:456][  0]LogTemp: Display: Loaded TP AndroidTargetPlatform
[2019.01.22-09.13.36:456][  0]LogTemp: Display: Loaded TP AndroidTargetPlatform
[2019.01.22-09.13.36:456][  0]LogTemp: Display: Loaded TP AndroidTargetPlatform
[2019.01.22-09.13.36:456][  0]LogTemp: Display: Loaded TP AndroidTargetPlatform
[2019.01.22-09.13.36:456][  0]LogTemp: Display: Loaded TP AndroidTargetPlatform
[2019.01.22-09.13.36:456][  0]LogTemp: Display: Loaded TP AndroidTargetPlatform
[2019.01.22-09.13.36:456][  0]LogTemp: Display: Loaded TP AndroidTargetPlatform
[2019.01.22-09.13.36:456][  0]LogTemp: Display: Loaded TP AndroidTargetPlatform
[2019.01.22-09.13.36:456][  0]LogTemp: Display: Loaded TP AndroidTargetPlatform
[2019.01.22-09.13.36:456][  0]LogTemp: Display: Loaded TP AndroidTargetPlatform
[2019.01.22-09.13.36:456][  0]LogTemp: Display: Loaded TP AndroidTargetPlatform
[2019.01.22-09.13.36:457][  0]LogTemp: Display: Loaded TP AndroidTargetPlatform
[2019.01.22-09.13.36:457][  0]LogTemp: Display: Loaded TP AndroidTargetPlatform
[2019.01.22-09.13.36:457][  0]LogTemp: Display: Loaded TP AndroidTargetPlatform
[2019.01.22-09.13.36:457][  0]LogTemp: Display: Loaded TP AndroidTargetPlatform
[2019.01.22-09.13.36:457][  0]LogTemp: Display: Loaded TP AndroidTargetPlatform
[2019.01.22-09.13.36:472][  0]LogTemp: Display: Loaded TP HTML5TargetPlatform
[2019.01.22-09.13.36:599][  0]LogTemp: Display: Loaded TP IOSTargetPlatform
[2019.01.22-09.13.36:599][  0]LogTemp: Display: Loaded TP IOSTargetPlatform
[2019.01.22-09.13.36:681][  0]LogTemp: Display: Loaded TP TVOSTargetPlatform
[2019.01.22-09.13.36:684][  0]LogTemp: Display: Loaded TP TVOSTargetPlatform
[2019.01.22-09.13.36:736][  0]LogTemp: Display: Loaded TP LinuxClientTargetPlatform
[2019.01.22-09.13.36:809][  0]LogTemp: Display: Loaded TP LinuxNoEditorTargetPlatform
[2019.01.22-09.13.36:873][  0]LogTemp: Display: Loaded TP LinuxServerTargetPlatform
[2019.01.22-09.13.36:922][  0]LogTemp: Display: Loaded TP LinuxTargetPlatform
[2019.01.22-09.13.37:037][  0]LogTemp: Display: Loaded TP LuminTargetPlatform
[2019.01.22-09.13.37:037][  0]LogTemp: Display: Loaded TP LuminTargetPlatform
[2019.01.22-09.13.37:037][  0]LogTargetPlatformManager: Display: Building Assets For Windows
[2019.01.22-09.13.37:642][  0]LogShaderCompilers: Guid format shader working directory is -6 characters bigger than the processId version (D:/unreal-engine-stylized-rendering/StylizedRendering/Intermediate/Shaders/WorkingDirectory/6168/).
[2019.01.22-09.13.37:643][  0]LogShaderCompilers: Cleaned the shader compiler working directory 'C:/Users/Andrea/AppData/Local/Temp/UnrealShaderWorkingDir/FDC95698432D924E428EC9A606AE01C0/'.
[2019.01.22-09.13.37:652][  0]LogXGEController: Cleaning working directory: C:/Users/Andrea/AppData/Local/Temp/UnrealXGEWorkingDir/
[2019.01.22-09.13.37:653][  0]LogXGEController: Cannot use XGE Controller as Incredibuild is not installed on this machine.
[2019.01.22-09.13.37:653][  0]LogShaderCompilers: Cannot use XGE Shader Compiler as Incredibuild is not installed on this machine.
[2019.01.22-09.13.37:653][  0]LogShaderCompilers: Display: Using Local Shader Compiler.
[2019.01.22-09.13.39:239][  0]LogDerivedDataCache: Display: Max Cache Size: 512 MB
[2019.01.22-09.13.40:165][  0]LogDerivedDataCache: Loaded boot cache 0.92s 86MB C:/Users/Andrea/AppData/Local/UnrealEngine/4.21/DerivedDataCache/Boot.ddc.
[2019.01.22-09.13.40:165][  0]LogDerivedDataCache: Display: Loaded Boot cache: C:/Users/Andrea/AppData/Local/UnrealEngine/4.21/DerivedDataCache/Boot.ddc
[2019.01.22-09.13.40:166][  0]LogDerivedDataCache: FDerivedDataBackendGraph:  Pak pak cache file D:/unreal-engine-stylized-rendering/StylizedRendering/DerivedDataCache/DDC.ddp not found, will not use a pak cache.
[2019.01.22-09.13.40:166][  0]LogDerivedDataCache: Unable to find inner node Pak for hierarchical cache Hierarchy.
[2019.01.22-09.13.40:277][  0]LogDerivedDataCache: Display: Pak cache opened for reading D:/unreal-engine-stylized-rendering/StylizedRendering/DerivedDataCache/Compressed.ddp.
[2019.01.22-09.13.40:303][  0]LogDerivedDataCache: Display: Pak cache opened for reading ../../../Engine/DerivedDataCache/Compressed.ddp.
[2019.01.22-09.13.40:304][  0]LogDerivedDataCache: FDerivedDataBackendGraph:  EnterprisePak pak cache file ../../../Enterprise/DerivedDataCache/Compressed.ddp not found, will not use a pak cache.
[2019.01.22-09.13.40:304][  0]LogDerivedDataCache: Unable to find inner node EnterprisePak for hierarchical cache Hierarchy.
[2019.01.22-09.13.40:319][  0]LogDerivedDataCache: Using Local data cache path C:/Users/Andrea/AppData/Local/UnrealEngine/Common/DerivedDataCache: Writable
[2019.01.22-09.13.40:320][  0]LogDerivedDataCache: Shared data cache path not found in *engine.ini, will not use an Shared cache.
[2019.01.22-09.13.40:320][  0]LogDerivedDataCache: Unable to find inner node Shared for hierarchical cache Hierarchy.
[2019.01.22-09.13.40:381][  0]LogMaterial: Verifying Global Shaders for PCD3D_SM5
[2019.01.22-09.13.40:399][  0]LogSlate: Using FreeType 2.6.0
[2019.01.22-09.13.40:411][  0]LogSlate: SlateFontServices - WITH_FREETYPE: 1, WITH_HARFBUZZ: 1
[2019.01.22-09.13.40:827][  0]LogAssetRegistry: FAssetRegistry took 0.0515 seconds to start up
[2019.01.22-09.13.42:311][  0]LogInit: Selected Device Profile: [Windows]
[2019.01.22-09.13.43:130][  0]LogSimplygon: Simplygon DLL not present - disabling.
[2019.01.22-09.13.43:207][  0]LogMeshReduction: Using SimplygonSwarm for distributed automatic mesh merging
[2019.01.22-09.13.43:207][  0]LogMeshReduction: Using ProxyLODMeshReduction for automatic mesh merging
[2019.01.22-09.13.43:207][  0]LogMeshReduction: Using QuadricMeshReduction for automatic static mesh reduction
[2019.01.22-09.13.43:207][  0]LogMeshReduction: No automatic skeletal mesh reduction module available
[2019.01.22-09.13.43:358][  0]LogNetVersion: StylizedRendering 1.0.0, NetCL: 4541578, EngineNetVer: 5, GameNetVer: 0 (Checksum: 688017798)
[2019.01.22-09.13.46:577][  0]LogPackageLocalizationCache: Processed 11 localized package path(s) for 2 prioritized culture(s) in 0.333327 seconds
[2019.01.22-09.13.46:595][  0]LogUObjectArray: 39775 objects as part of root set at end of initial load.
[2019.01.22-09.13.46:595][  0]LogUObjectAllocator: 6914656 out of 0 bytes used by permanent object pool.
[2019.01.22-09.13.46:595][  0]LogUObjectArray: CloseDisregardForGC: 0/0 objects in disregard for GC pool
[2019.01.22-09.13.52:876][  0]LogTcpMessaging: Initializing TcpMessaging bridge
[2019.01.22-09.13.52:975][  0]LogUdpMessaging: Initializing bridge on interface 0.0.0.0:0 to multicast group 230.0.0.1:6666.
[2019.01.22-09.13.55:626][  0]SourceControl: Source control is disabled
[2019.01.22-09.13.55:628][  0]SourceControl: Source control is disabled
[2019.01.22-09.13.55:668][  0]SourceControl: Source control is disabled
[2019.01.22-09.13.55:688][  0]SourceControl: Source control is disabled
[2019.01.22-09.13.57:097][  0]LogAndroidPermission: UAndroidPermissionCallbackProxy::GetInstance
[2019.01.22-09.13.57:648][  0]LogOcInput: OculusInput pre-init called
[2019.01.22-09.13.58:639][  0]LogEngine: Initializing Engine...
[2019.01.22-09.13.58:672][  0]LogHMD: Failed to initialize OpenVR with code 110
[2019.01.22-09.13.58:692][  0]LogStats: UGameplayTagsManager::ConstructGameplayTagTree: ImportINI prefixes -  0.001 s
[2019.01.22-09.13.58:692][  0]LogStats: UGameplayTagsManager::ConstructGameplayTagTree: Construct from data asset -  0.000 s
[2019.01.22-09.13.58:694][  0]LogStats: UGameplayTagsManager::ConstructGameplayTagTree: ImportINI -  0.002 s
[2019.01.22-09.13.58:694][  0]LogStats: UGameplayTagsManager::ConstructGameplayTagTree: GameplayTagTreeChangedEvent.Broadcast -  0.000 s
[2019.01.22-09.14.00:040][  0]LogInit: Initializing FReadOnlyCVARCache
[2019.01.22-09.14.00:249][  0]LogAIModule: Creating AISystem for world Untitled
[2019.01.22-09.14.00:342][  0]LogInit: XAudio2 using 'Haut-parleurs (Realtek High Definition Audio)' : 2 channels at 48 kHz using 32 bits per sample (channel mask 0x3)
[2019.01.22-09.14.00:913][  0]LogInit: FAudioDevice initialized.
[2019.01.22-09.14.00:927][  0]LogNetVersion: Set ProjectVersion to 1.0.0.0. Version Checksum will be recalculated on next use.
[2019.01.22-09.14.02:828][  0]LogDerivedDataCache: Saved boot cache 1.90s 86MB C:/Users/Andrea/AppData/Local/UnrealEngine/4.21/DerivedDataCache/Boot.ddc.
[2019.01.22-09.14.03:191][  0]LogInit: Texture streaming: Enabled
[2019.01.22-09.14.03:590][  0]LogEngineSessionManager: EngineSessionManager initialized
[2019.01.22-09.14.03:699][  0]LogInit: Transaction tracking system initialized
[2019.01.22-09.14.03:939][  0]BlueprintLog: New page: Editor Load
[2019.01.22-09.14.05:065][  0]LocalizationService: Localization service is disabled
[2019.01.22-09.14.06:966][  0]LogFileCache: Scanning file cache for directory 'D:/unreal-engine-stylized-rendering/StylizedRendering/Content/' took 0.02s
[2019.01.22-09.14.06:966][  0]LogCook: Display: Max memory allowance for cook 16384mb min free memory 0mb
[2019.01.22-09.14.06:969][  0]LogCook: Display: Mobile HDR setting 1
[2019.01.22-09.14.06:972][  0]LogGameplayTags: Display: UGameplayTagsManager::DoneAddingNativeTags. DelegateIsBound: 0
[2019.01.22-09.14.06:973][  0]LogStats: UGameplayTagsManager::ConstructGameplayTagTree: ImportINI prefixes -  0.000 s
[2019.01.22-09.14.06:973][  0]LogStats: UGameplayTagsManager::ConstructGameplayTagTree: Construct from data asset -  0.000 s
[2019.01.22-09.14.06:973][  0]LogStats: UGameplayTagsManager::ConstructGameplayTagTree: ImportINI -  0.000 s
[2019.01.22-09.14.06:973][  0]LogStats: UGameplayTagsManager::ConstructGameplayTagTree: GameplayTagTreeChangedEvent.Broadcast -  0.000 s
[2019.01.22-09.14.08:077][  0]SourceControl: Source control is disabled
[2019.01.22-09.14.08:080][  0]Cmd: MAP LOAD FILE="D:/unreal-engine-stylized-rendering/StylizedRendering/Content/Maps/Stylized_Kingdom.umap" TEMPLATE=0 SHOWPROGRESS=1 FEATURELEVEL=3
[2019.01.22-09.14.08:085][  0]LightingResults: New page: Lighting Build
[2019.01.22-09.14.08:125][  0]MapCheck: New page: Map Check
[2019.01.22-09.14.08:125][  0]LightingResults: New page: Lighting Build
[2019.01.22-09.14.10:099][  0]LogMaterial: Display: Missing cached shader map for material M_Mushroom_A, compiling. 
[2019.01.22-09.14.10:298][  0]LogShaderCompilers: Display: Shaders left to compile 31
[2019.01.22-09.14.10:298][  0]LogShaderCompilers: Display: Shaders left to compile 21
[2019.01.22-09.14.10:298][  0]LogShaderCompilers: Display: Shaders left to compile 11
[2019.01.22-09.14.10:309][  0]LogMaterial: Display: Missing cached shader map for material M_Grass_Masked, compiling. 
[2019.01.22-09.14.10:551][  0]LogMaterial: Display: Missing cached shader map for material M_Grass_Masked, compiling. 
[2019.01.22-09.14.10:798][  0]LogMaterial: Display: Missing cached shader map for material M_Terrain_Ground_A, compiling. 
[2019.01.22-09.14.10:887][  0]LogMaterial: Display: Missing cached shader map for material M_Terrain_Ground_A, compiling. 
[2019.01.22-09.14.10:954][  0]LogMaterial: Display: Missing cached shader map for material M_Skybox_A, compiling. 
[2019.01.22-09.14.10:994][  0]LogMaterial: Display: Missing cached shader map for material M_PostProcess_Paper, compiling. 
[2019.01.22-09.14.11:032][  0]LogMaterial: Display: Missing cached shader map for material M_PostProcess_Base, compiling. 
[2019.01.22-09.14.11:055][  0]LogMaterial: Display: Missing cached shader map for material M_Flag_Waving, compiling. 
[2019.01.22-09.14.11:149][  0]LogMaterial: Display: Missing cached shader map for material M_cloud_Solid, compiling. 
[2019.01.22-09.14.11:184][  0]LogMaterial: Display: Missing cached shader map for material M_Water_Surface, compiling. 
[2019.01.22-09.14.11:463][  0]LogMaterial: Display: Missing cached shader map for material M_Terrain_Ground_A, compiling. 
[2019.01.22-09.14.11:603][  0]LogMaterial: Display: Missing cached shader map for material M_Terrain_Ground_A, compiling. 
[2019.01.22-09.14.11:786][  0]LogMaterial: Display: Missing cached shader map for material M_Terrain_Ground_A, compiling. 
[2019.01.22-09.14.11:955][  0]LogMaterial: Display: Missing cached shader map for material M_Terrain_Ground_A, compiling. 
[2019.01.22-09.14.12:107][  0]LogMaterial: Display: Missing cached shader map for material M_Terrain_Ground_A, compiling. 
[2019.01.22-09.14.12:473][  0]LogMaterial: Display: Missing cached shader map for material M_Wood_Sheet_Master, compiling. 
[2019.01.22-09.14.12:565][  0]LogMaterial: Display: Missing cached shader map for material M_StoneWall_FlatColor, compiling. 
[2019.01.22-09.14.12:651][  0]LogMaterial: Display: Missing cached shader map for material M_Bush_Lines, compiling. 
[2019.01.22-09.14.12:703][  0]LogMaterial: Display: Missing cached shader map for material M_Bush_Clumps, compiling. 
[2019.01.22-09.14.12:786][  0]LogMaterial: Display: Missing cached shader map for material M_BackgroundHouses_A, compiling. 
[2019.01.22-09.14.12:907][  0]LogMaterial: Display: Missing cached shader map for material M_Tree_Type_B_Bark, compiling. 
[2019.01.22-09.14.13:026][  0]LogMaterial: Display: Missing cached shader map for material M_Tree_Background, compiling. 
[2019.01.22-09.14.13:099][  0]LogMaterial: Display: Missing cached shader map for material M_Stone_Path, compiling. 
[2019.01.22-09.14.13:234][  0]LogMaterial: Display: Missing cached shader map for material M_Tree_Bark_A, compiling. 
[2019.01.22-09.14.13:309][  0]LogMaterial: Display: Missing cached shader map for material M_Wood_Sheet_Master, compiling. 
[2019.01.22-09.14.13:395][  0]LogMaterial: Display: Missing cached shader map for material M_Wood_Sheet_Master, compiling. 
[2019.01.22-09.14.13:461][  0]LogMaterial: Display: Missing cached shader map for material M_Water_Waves, compiling. 
[2019.01.22-09.14.13:500][  0]LogMaterial: Display: Missing cached shader map for material M_Water_Waves, compiling. 
[2019.01.22-09.14.13:550][  0]LogMaterial: Display: Missing cached shader map for material M_Tree_Leaf_Base_Solid, compiling. 
[2019.01.22-09.14.13:623][  0]LogMaterial: Display: Missing cached shader map for material M_Tree_Leaf_Base, compiling. 
[2019.01.22-09.14.13:731][  0]LogMaterial: Display: Missing cached shader map for material M_Sun_Sphere, compiling. 
[2019.01.22-09.14.13:774][  0]LogMaterial: Display: Missing cached shader map for material M_StoneWall_Master, compiling. 
[2019.01.22-09.14.13:853][  0]LogMaterial: Display: Missing cached shader map for material M_Wood_Sheet_Master, compiling. 
[2019.01.22-09.14.13:930][  0]LogMaterial: Display: Missing cached shader map for material M_Grass_Masked, compiling. 
[2019.01.22-09.14.14:312][  0]LogAIModule: Creating AISystem for world Stylized_Kingdom
[2019.01.22-09.14.15:002][  0]LogEditorServer: Finished looking for orphan Actors (0.001 secs)
[2019.01.22-09.14.18:881][  0]Cmd: MAP CHECKDEP NOCLEARLOG
[2019.01.22-09.14.18:886][  0]MapCheck: Map check complete: 0 Error(s), 0 Warning(s), took 0,341ms to complete.
[2019.01.22-09.14.18:888][  0]LogFileHelpers: Loading map 'Stylized_Kingdom' took 10.809
[2019.01.22-09.14.19:612][  0]LogSlate: Updating window title bar state: overlay mode, drag disabled, window buttons hidden, title bar hidden
[2019.01.22-09.14.19:641][  0]LogSlate: Updating window title bar state: overlay mode, drag disabled, window buttons hidden, title bar hidden
[2019.01.22-09.14.19:670][  0]LogSlate: Updating window title bar state: overlay mode, drag disabled, window buttons hidden, title bar hidden
[2019.01.22-09.14.19:699][  0]LogSlate: Updating window title bar state: overlay mode, drag disabled, window buttons hidden, title bar hidden
[2019.01.22-09.14.19:790][  0]LogCollectionManager: Loaded 0 collections in 0.007699 seconds
[2019.01.22-09.14.19:948][  0]LogFileCache: Scanning file cache for directory 'D:/unreal-engine-stylized-rendering/StylizedRendering/Saved/Collections/' took 0.02s
[2019.01.22-09.14.19:948][  0]LogFileCache: Scanning file cache for directory 'D:/unreal-engine-stylized-rendering/StylizedRendering/Content/Developers/Andrea/Collections/' took 0.01s
[2019.01.22-09.14.19:948][  0]LogFileCache: Scanning file cache for directory 'D:/unreal-engine-stylized-rendering/StylizedRendering/Content/Collections/' took 0.01s
[2019.01.22-09.14.19:948][  0]LogCollectionManager: Rebuilt the GUID cache for 0 collections in 0.000001 seconds
[2019.01.22-09.14.20:030][  0]LogContentBrowser: Native class hierarchy populated in 0.0787 seconds. Added 2651 classes and 620 folders.
[2019.01.22-09.14.20:098][  0]LogContentBrowser: Native class hierarchy updated for 'WidgetCarousel' in 0.0007 seconds. Added 0 classes and 0 folders.
[2019.01.22-09.14.20:133][  0]LogPakFile: Registered encryption key '00000000000000000000000000000000': 0 pak files mounted, 0 remain pending
[2019.01.22-09.14.20:144][  0]LogPakFile: Registered encryption key '00000000000000000000000000000000': 0 pak files mounted, 0 remain pending
[2019.01.22-09.14.20:150][  0]LogPakFile: Registered encryption key '00000000000000000000000000000000': 0 pak files mounted, 0 remain pending
[2019.01.22-09.14.20:154][  0]LogPakFile: Registered encryption key '00000000000000000000000000000000': 0 pak files mounted, 0 remain pending
[2019.01.22-09.14.20:160][  0]LogPakFile: Registered encryption key '00000000000000000000000000000000': 0 pak files mounted, 0 remain pending
[2019.01.22-09.14.20:166][  0]LogPakFile: Registered encryption key '00000000000000000000000000000000': 0 pak files mounted, 0 remain pending
[2019.01.22-09.14.20:171][  0]LogPakFile: Registered encryption key '00000000000000000000000000000000': 0 pak files mounted, 0 remain pending
[2019.01.22-09.14.20:175][  0]LogPakFile: Registered encryption key '00000000000000000000000000000000': 0 pak files mounted, 0 remain pending
[2019.01.22-09.14.20:178][  0]LogPakFile: Registered encryption key '00000000000000000000000000000000': 0 pak files mounted, 0 remain pending
[2019.01.22-09.14.20:184][  0]LogPakFile: Registered encryption key '00000000000000000000000000000000': 0 pak files mounted, 0 remain pending
[2019.01.22-09.14.20:189][  0]LogPakFile: Registered encryption key '00000000000000000000000000000000': 0 pak files mounted, 0 remain pending
[2019.01.22-09.14.20:197][  0]LogPakFile: Registered encryption key '00000000000000000000000000000000': 0 pak files mounted, 0 remain pending
[2019.01.22-09.14.20:201][  0]LogPakFile: Registered encryption key '00000000000000000000000000000000': 0 pak files mounted, 0 remain pending
[2019.01.22-09.14.20:205][  0]LogPakFile: Registered encryption key '00000000000000000000000000000000': 0 pak files mounted, 0 remain pending
[2019.01.22-09.14.20:209][  0]LogPakFile: Registered encryption key '00000000000000000000000000000000': 0 pak files mounted, 0 remain pending
[2019.01.22-09.14.20:213][  0]LogPakFile: Registered encryption key '00000000000000000000000000000000': 0 pak files mounted, 0 remain pending
[2019.01.22-09.14.20:217][  0]LogPakFile: Registered encryption key '00000000000000000000000000000000': 0 pak files mounted, 0 remain pending
[2019.01.22-09.14.20:223][  0]LogPakFile: Registered encryption key '00000000000000000000000000000000': 0 pak files mounted, 0 remain pending
[2019.01.22-09.14.20:229][  0]LogPakFile: Registered encryption key '00000000000000000000000000000000': 0 pak files mounted, 0 remain pending
[2019.01.22-09.14.20:233][  0]LogPakFile: Registered encryption key '00000000000000000000000000000000': 0 pak files mounted, 0 remain pending
[2019.01.22-09.14.20:237][  0]LogPakFile: Registered encryption key '00000000000000000000000000000000': 0 pak files mounted, 0 remain pending
[2019.01.22-09.14.20:242][  0]LogPakFile: Registered encryption key '00000000000000000000000000000000': 0 pak files mounted, 0 remain pending
[2019.01.22-09.14.20:246][  0]LogPakFile: Registered encryption key '00000000000000000000000000000000': 0 pak files mounted, 0 remain pending
[2019.01.22-09.14.20:250][  0]LogPakFile: Registered encryption key '00000000000000000000000000000000': 0 pak files mounted, 0 remain pending
[2019.01.22-09.14.20:255][  0]LogPakFile: Registered encryption key '00000000000000000000000000000000': 0 pak files mounted, 0 remain pending
[2019.01.22-09.14.20:261][  0]LogPakFile: Registered encryption key '00000000000000000000000000000000': 0 pak files mounted, 0 remain pending
[2019.01.22-09.14.20:651][  0]LogContentBrowser: Native class hierarchy updated for 'AddContentDialog' in 0.0006 seconds. Added 0 classes and 0 folders.
[2019.01.22-09.14.20:777][  0]LogContentBrowser: Native class hierarchy updated for 'SceneOutliner' in 0.0007 seconds. Added 1 classes and 2 folders.
[2019.01.22-09.14.20:990][  0]LogSlate: Took 0.002611 seconds to synchronously load lazily loaded font '../../../Engine/Content/Slate/Fonts/Roboto-Regular.ttf' (155K)
[2019.01.22-09.14.21:000][  0]LogSlate: Took 0.002949 seconds to synchronously load lazily loaded font '../../../Engine/Content/Slate/Fonts/Roboto-Bold.ttf' (160K)
[2019.01.22-09.14.21:025][  0]LogSlate: Took 0.002647 seconds to synchronously load lazily loaded font '../../../Engine/Content/Editor/Slate/Fonts/FontAwesome.ttf' (139K)
[2019.01.22-09.14.21:476][  0]LogRenderer: Reallocating scene render targets to support 904x496 Format 10 NumSamples 1 (Frame:1).
[2019.01.22-09.14.25:509][  0]LogSlate: FSceneViewport::OnFocusLost() reason 2
[2019.01.22-09.14.25:613][  0]LogSlate: Window 'Tutorials' being destroyed
[2019.01.22-09.14.26:897][  0]LogShaderCompilers: Display: Shaders left to compile 1408
[2019.01.22-09.14.27:167][  0]LogContentBrowser: Native class hierarchy updated for 'HierarchicalLODOutliner' in 0.0308 seconds. Added 0 classes and 0 folders.
[2019.01.22-09.14.27:190][  0]LogLoad: (Engine Initialization) Total time: 73.28 seconds
[2019.01.22-09.14.27:190][  0]LogLoad: (Engine Initialization) Total Blueprint compile time: 0.00 seconds
[2019.01.22-09.14.28:059][  0]LogContentStreaming: Texture pool size now 1000 MB
[2019.01.22-09.14.44:567][ 46]LogAssetRegistry: Asset discovery search completed in 63.7659 seconds
[2019.01.22-09.14.44:619][ 46]LogCollectionManager: Rebuilt the object cache for 0 collections in 0.000000 seconds (found 0 objects)
[2019.01.22-09.14.44:620][ 46]LogCollectionManager: Fixed up redirectors for 0 collections in 0.003248 seconds (updated 0 objects)
[2019.01.22-09.14.46:025][ 47]LogShaderCompilers: Display: Shaders left to compile 1398
[2019.01.22-09.14.46:995][ 51]LogShaderCompilers: Display: Shaders left to compile 1388
[2019.01.22-09.15.10:128][337]LogSlate: FSceneViewport::OnFocusLost() reason 0
[2019.01.22-09.15.16:022][388]LogSlate: Window 'Tutorials' being destroyed
[2019.01.22-09.17.06:979][596]LogShaderCompilers: Display: Shaders left to compile 1378
[2019.01.22-09.17.14:615][657]LogSlate: Took 0.004457 seconds to synchronously load lazily loaded font '../../../Engine/Content/Slate/Fonts/Roboto-Light.ttf' (167K)
